2023-12-29 01:29:25,853  INFO [main] nopCommerce:28 - opening browser
2023-12-29 01:29:30,552  INFO [main] nopCommerce:31 -  browser launched successfully
2023-12-29 01:29:30,578  INFO [main] nopCommerce:37 - opening url
2023-12-29 01:29:31,923  INFO [main] nopCommerce:43 - entering username & password
2023-12-29 01:29:33,921  INFO [main] nopCommerce:51 - login successful
2023-12-29 01:29:55,244  INFO [main] nopCommerce:36 - closing browser
2023-12-29 01:29:55,258  INFO [main] nopCommerce:28 - opening browser
2023-12-29 01:29:57,280  INFO [main] nopCommerce:31 -  browser launched successfully
2023-12-29 01:29:57,281  INFO [main] nopCommerce:37 - opening url
2023-12-29 01:29:58,050  INFO [main] nopCommerce:43 - entering username & password
2023-12-29 01:30:00,013  INFO [main] nopCommerce:51 - login successful
2023-12-29 01:30:10,780  INFO [main] nopCommerce:36 - closing browser
2023-12-29 01:30:10,795  INFO [main] nopCommerce:28 - opening browser
2023-12-29 01:30:12,927  INFO [main] nopCommerce:31 -  browser launched successfully
2023-12-29 01:30:12,929  INFO [main] nopCommerce:37 - opening url
2023-12-29 01:30:14,336  INFO [main] nopCommerce:43 - entering username & password
2023-12-29 01:30:17,015  INFO [main] nopCommerce:51 - login successful
2023-12-29 01:30:28,632  INFO [main] nopCommerce:36 - closing browser
2023-12-29 01:30:28,652  INFO [main] nopCommerce:28 - opening browser
2023-12-29 01:30:30,725  INFO [main] nopCommerce:31 -  browser launched successfully
2023-12-29 01:30:30,726  INFO [main] nopCommerce:37 - opening url
2023-12-29 01:30:32,110  INFO [main] nopCommerce:43 - entering username & password
2023-12-29 01:30:34,196  INFO [main] nopCommerce:51 - login successful
2023-12-29 01:30:43,541  INFO [main] nopCommerce:36 - closing browser
2023-12-29 01:30:43,556  INFO [main] nopCommerce:28 - opening browser
2023-12-29 01:30:45,574  INFO [main] nopCommerce:31 -  browser launched successfully
2023-12-29 01:30:45,577  INFO [main] nopCommerce:37 - opening url
2023-12-29 01:30:46,874  INFO [main] nopCommerce:43 - entering username & password
2023-12-29 01:30:47,825  INFO [main] nopCommerce:51 - login successful
2023-12-29 01:30:52,194  INFO [main] nopCommerce:36 - closing browser
